<?xml version="1.0" encoding="UTF-8"?>
<!-- Generated by org.testng.reporters.JUnitXMLReporter -->
<testsuite ignored="0" hostname="01HW1735269" failures="1" tests="2" name="Test" time="27.128" errors="0" timestamp="2026-05-13T20:22:00 IST">
  <testcase classname="BaseTest.BaseClass" name="Applaunch1" time="22.147"/>
  <testcase classname="Test.OrderTest" name="placeorderTest" time="0.132">
    <failure type="java.lang.NoClassDefFoundError" message="org/apache/poi/POIException">
      <![CDATA[java.lang.NoClassDefFoundError: org/apache/poi/POIException
at Utilities.ExcelReader.<init>(ExcelReader.java:22)
at Test.OrderTest.placeorderTest(OrderTest.java:19)
at java.base/java.util.ArrayList.forEach(ArrayList.java:1540)
Caused by: java.lang.ClassNotFoundException: org.apache.poi.POIException
at java.base/jdk.internal.loader.BuiltinClassLoader.loadClass(BuiltinClassLoader.java:583)
at java.base/jdk.internal.loader.ClassLoaders$AppClassLoader.loadClass(ClassLoaders.java:178)
at java.base/java.lang.ClassLoader.loadClass(ClassLoader.java:521)
... 30 more
... Removed 27 stack frames]]>
    </failure>
  </testcase> <!-- placeorderTest -->
</testsuite> <!-- Test -->
